0 info it worked if it ends with ok
1 verbose cli [ 'D:\\Program Files\\nodejs\\node.exe',
1 verbose cli   'D:\\Program Files\\nodejs\\node_modules\\npm\\bin\\npm-cli.js',
1 verbose cli   'install',
1 verbose cli   '--save-dev',
1 verbose cli   'angular-ide' ]
2 info using npm@3.10.10
3 info using node@v6.11.0
4 silly loadCurrentTree Starting
5 silly install loadCurrentTree
6 silly install readLocalPackageData
7 silly fetchPackageMetaData angular-ide
8 silly fetchNamedPackageData angular-ide
9 silly mapToRegistry name angular-ide
10 silly mapToRegistry using default registry
11 silly mapToRegistry registry https://registry.npmjs.org/
12 silly mapToRegistry data Result {
12 silly mapToRegistry   raw: 'angular-ide',
12 silly mapToRegistry   scope: null,
12 silly mapToRegistry   escapedName: 'angular-ide',
12 silly mapToRegistry   name: 'angular-ide',
12 silly mapToRegistry   rawSpec: '',
12 silly mapToRegistry   spec: 'latest',
12 silly mapToRegistry   type: 'tag' }
13 silly mapToRegistry uri https://registry.npmjs.org/angular-ide
14 verbose request uri https://registry.npmjs.org/angular-ide
15 verbose request no auth needed
16 info attempt registry request try #1 at 5:07:43 PM
17 verbose request id c86c26dc907a934d
18 http request GET https://registry.npmjs.org/angular-ide
19 info retry will retry, error on last attempt: Error: tunneling socket could not be established, cause=write EPROTO 101057795:error:140770FC:SSL routines:SSL23_GET_SERVER_HELLO:unknown protocol:openssl\ssl\s23_clnt.c:794:
20 info attempt registry request try #2 at 5:07:53 PM
21 http request GET https://registry.npmjs.org/angular-ide
22 info retry will retry, error on last attempt: Error: tunneling socket could not be established, cause=write EPROTO 101057795:error:140770FC:SSL routines:SSL23_GET_SERVER_HELLO:unknown protocol:openssl\ssl\s23_clnt.c:794:
23 info attempt registry request try #3 at 5:08:53 PM
24 http request GET https://registry.npmjs.org/angular-ide
25 silly fetchPackageMetaData Error: tunneling socket could not be established, cause=write EPROTO 101057795:error:140770FC:SSL routines:SSL23_GET_SERVER_HELLO:unknown protocol:openssl\ssl\s23_clnt.c:794:
25 silly fetchPackageMetaData
25 silly fetchPackageMetaData     at ClientRequest.onError (D:\Program Files\nodejs\node_modules\npm\node_modules\request\node_modules\tunnel-agent\index.js:176:17)
25 silly fetchPackageMetaData     at ClientRequest.g (events.js:292:16)
25 silly fetchPackageMetaData     at emitOne (events.js:96:13)
25 silly fetchPackageMetaData     at ClientRequest.emit (events.js:188:7)
25 silly fetchPackageMetaData     at TLSSocket.socketErrorListener (_http_client.js:309:9)
25 silly fetchPackageMetaData     at emitOne (events.js:96:13)
25 silly fetchPackageMetaData     at TLSSocket.emit (events.js:188:7)
25 silly fetchPackageMetaData     at onwriteError (_stream_writable.js:343:10)
25 silly fetchPackageMetaData     at onwrite (_stream_writable.js:361:5)
25 silly fetchPackageMetaData     at WritableState.onwrite (_stream_writable.js:90:5)
25 silly fetchPackageMetaData  error for angular-ide { Error: tunneling socket could not be established, cause=write EPROTO 101057795:error:140770FC:SSL routines:SSL23_GET_SERVER_HELLO:unknown protocol:openssl\ssl\s23_clnt.c:794:
25 silly fetchPackageMetaData
25 silly fetchPackageMetaData     at ClientRequest.onError (D:\Program Files\nodejs\node_modules\npm\node_modules\request\node_modules\tunnel-agent\index.js:176:17)
25 silly fetchPackageMetaData     at ClientRequest.g (events.js:292:16)
25 silly fetchPackageMetaData     at emitOne (events.js:96:13)
25 silly fetchPackageMetaData     at ClientRequest.emit (events.js:188:7)
25 silly fetchPackageMetaData     at TLSSocket.socketErrorListener (_http_client.js:309:9)
25 silly fetchPackageMetaData     at emitOne (events.js:96:13)
25 silly fetchPackageMetaData     at TLSSocket.emit (events.js:188:7)
25 silly fetchPackageMetaData     at onwriteError (_stream_writable.js:343:10)
25 silly fetchPackageMetaData     at onwrite (_stream_writable.js:361:5)
25 silly fetchPackageMetaData     at WritableState.onwrite (_stream_writable.js:90:5) code: 'ECONNRESET' }
26 silly rollbackFailedOptional Starting
27 silly rollbackFailedOptional Finishing
28 silly runTopLevelLifecycles Finishing
29 silly install printInstalled
30 verbose stack Error: tunneling socket could not be established, cause=write EPROTO 101057795:error:140770FC:SSL routines:SSL23_GET_SERVER_HELLO:unknown protocol:openssl\ssl\s23_clnt.c:794:
30 verbose stack
30 verbose stack     at ClientRequest.onError (D:\Program Files\nodejs\node_modules\npm\node_modules\request\node_modules\tunnel-agent\index.js:176:17)
30 verbose stack     at ClientRequest.g (events.js:292:16)
30 verbose stack     at emitOne (events.js:96:13)
30 verbose stack     at ClientRequest.emit (events.js:188:7)
30 verbose stack     at TLSSocket.socketErrorListener (_http_client.js:309:9)
30 verbose stack     at emitOne (events.js:96:13)
30 verbose stack     at TLSSocket.emit (events.js:188:7)
30 verbose stack     at onwriteError (_stream_writable.js:343:10)
30 verbose stack     at onwrite (_stream_writable.js:361:5)
30 verbose stack     at WritableState.onwrite (_stream_writable.js:90:5)
31 verbose cwd D:\Users\PRO\Documents\Projets\Perso\DDManager\frontend
32 error Windows_NT 10.0.14393
33 error argv "D:\\Program Files\\nodejs\\node.exe" "D:\\Program Files\\nodejs\\node_modules\\npm\\bin\\npm-cli.js" "install" "--save-dev" "angular-ide"
34 error node v6.11.0
35 error npm  v3.10.10
36 error code ECONNRESET
37 error network tunneling socket could not be established, cause=write EPROTO 101057795:error:140770FC:SSL routines:SSL23_GET_SERVER_HELLO:unknown protocol:openssl\ssl\s23_clnt.c:794:
38 error network This is most likely not a problem with npm itself
38 error network and is related to network connectivity.
38 error network In most cases you are behind a proxy or have bad network settings.
38 error network
38 error network If you are behind a proxy, please make sure that the
38 error network 'proxy' config is set properly.  See: 'npm help config'
39 verbose exit [ 1, true ]
